{"C:\\Users\\cooki\\Desktop\\node-api\\src\\data\\protocols\\criptography\\encrypter.ts": {"path":"C:\\Users\\cooki\\Desktop\\node-api\\src\\data\\protocols\\criptography\\encrypter.ts","all":true,"statementMap":{"0":{"start":{"line":1,"column":0},"end":{"line":1,"column":28}},"1":{"start":{"line":2,"column":0},"end":{"line":2,"column":41}},"2":{"start":{"line":3,"column":0},"end":{"line":3,"column":1}}},"s":{"0":0,"1":0,"2":0},"branchMap":{"0":{"type":"branch","line":1,"loc":{"start":{"line":1,"column":0},"end":{"line":3,"column":1}},"locations":[{"start":{"line":1,"column":0},"end":{"line":3,"column":1}}]}},"b":{"0":[0]},"fnMap":{"0":{"name":"(empty-report)","decl":{"start":{"line":1,"column":0},"end":{"line":3,"column":1}},"loc":{"start":{"line":1,"column":0},"end":{"line":3,"column":1}},"line":1}},"f":{"0":0}}
,"C:\\Users\\cooki\\Desktop\\node-api\\src\\data\\protocols\\criptography\\hash-comparer.ts": {"path":"C:\\Users\\cooki\\Desktop\\node-api\\src\\data\\protocols\\criptography\\hash-comparer.ts","all":true,"statementMap":{"0":{"start":{"line":1,"column":0},"end":{"line":1,"column":31}},"1":{"start":{"line":2,"column":0},"end":{"line":2,"column":61}},"2":{"start":{"line":3,"column":0},"end":{"line":3,"column":1}}},"s":{"0":0,"1":0,"2":0},"branchMap":{"0":{"type":"branch","line":1,"loc":{"start":{"line":1,"column":0},"end":{"line":3,"column":1}},"locations":[{"start":{"line":1,"column":0},"end":{"line":3,"column":1}}]}},"b":{"0":[0]},"fnMap":{"0":{"name":"(empty-report)","decl":{"start":{"line":1,"column":0},"end":{"line":3,"column":1}},"loc":{"start":{"line":1,"column":0},"end":{"line":3,"column":1}},"line":1}},"f":{"0":0}}
,"C:\\Users\\cooki\\Desktop\\node-api\\src\\data\\protocols\\criptography\\hasher.ts": {"path":"C:\\Users\\cooki\\Desktop\\node-api\\src\\data\\protocols\\criptography\\hasher.ts","all":true,"statementMap":{"0":{"start":{"line":1,"column":0},"end":{"line":1,"column":25}},"1":{"start":{"line":2,"column":0},"end":{"line":2,"column":41}},"2":{"start":{"line":3,"column":0},"end":{"line":3,"column":1}}},"s":{"0":0,"1":0,"2":0},"branchMap":{"0":{"type":"branch","line":1,"loc":{"start":{"line":1,"column":0},"end":{"line":3,"column":1}},"locations":[{"start":{"line":1,"column":0},"end":{"line":3,"column":1}}]}},"b":{"0":[0]},"fnMap":{"0":{"name":"(empty-report)","decl":{"start":{"line":1,"column":0},"end":{"line":3,"column":1}},"loc":{"start":{"line":1,"column":0},"end":{"line":3,"column":1}},"line":1}},"f":{"0":0}}
,"C:\\Users\\cooki\\Desktop\\node-api\\src\\data\\protocols\\db\\account\\LoadAccountByEmailRepository.ts": {"path":"C:\\Users\\cooki\\Desktop\\node-api\\src\\data\\protocols\\db\\account\\LoadAccountByEmailRepository.ts","all":true,"statementMap":{"0":{"start":{"line":1,"column":0},"end":{"line":1,"column":90}},"1":{"start":{"line":2,"column":0},"end":{"line":2,"column":0}},"2":{"start":{"line":3,"column":0},"end":{"line":3,"column":47}},"3":{"start":{"line":4,"column":0},"end":{"line":4,"column":54}},"4":{"start":{"line":5,"column":0},"end":{"line":5,"column":1}}},"s":{"0":0,"1":0,"2":0,"3":0,"4":0},"branchMap":{"0":{"type":"branch","line":1,"loc":{"start":{"line":1,"column":0},"end":{"line":5,"column":1}},"locations":[{"start":{"line":1,"column":0},"end":{"line":5,"column":1}}]}},"b":{"0":[0]},"fnMap":{"0":{"name":"(empty-report)","decl":{"start":{"line":1,"column":0},"end":{"line":5,"column":1}},"loc":{"start":{"line":1,"column":0},"end":{"line":5,"column":1}},"line":1}},"f":{"0":0}}
,"C:\\Users\\cooki\\Desktop\\node-api\\src\\data\\protocols\\db\\account\\add-account-repository.ts": {"path":"C:\\Users\\cooki\\Desktop\\node-api\\src\\data\\protocols\\db\\account\\add-account-repository.ts","all":true,"statementMap":{"0":{"start":{"line":1,"column":0},"end":{"line":1,"column":79}},"1":{"start":{"line":2,"column":0},"end":{"line":2,"column":69}},"2":{"start":{"line":3,"column":0},"end":{"line":3,"column":39}},"3":{"start":{"line":4,"column":0},"end":{"line":4,"column":61}},"4":{"start":{"line":5,"column":0},"end":{"line":5,"column":1}}},"s":{"0":0,"1":0,"2":0,"3":0,"4":0},"branchMap":{"0":{"type":"branch","line":1,"loc":{"start":{"line":1,"column":0},"end":{"line":5,"column":1}},"locations":[{"start":{"line":1,"column":0},"end":{"line":5,"column":1}}]}},"b":{"0":[0]},"fnMap":{"0":{"name":"(empty-report)","decl":{"start":{"line":1,"column":0},"end":{"line":5,"column":1}},"loc":{"start":{"line":1,"column":0},"end":{"line":5,"column":1}},"line":1}},"f":{"0":0}}
,"C:\\Users\\cooki\\Desktop\\node-api\\src\\data\\protocols\\db\\account\\updateAcessTokenRepository.ts": {"path":"C:\\Users\\cooki\\Desktop\\node-api\\src\\data\\protocols\\db\\account\\updateAcessTokenRepository.ts","all":true,"statementMap":{"0":{"start":{"line":1,"column":0},"end":{"line":1,"column":45}},"1":{"start":{"line":2,"column":0},"end":{"line":2,"column":58}},"2":{"start":{"line":3,"column":0},"end":{"line":3,"column":1}}},"s":{"0":0,"1":0,"2":0},"branchMap":{"0":{"type":"branch","line":1,"loc":{"start":{"line":1,"column":0},"end":{"line":3,"column":1}},"locations":[{"start":{"line":1,"column":0},"end":{"line":3,"column":1}}]}},"b":{"0":[0]},"fnMap":{"0":{"name":"(empty-report)","decl":{"start":{"line":1,"column":0},"end":{"line":3,"column":1}},"loc":{"start":{"line":1,"column":0},"end":{"line":3,"column":1}},"line":1}},"f":{"0":0}}
,"C:\\Users\\cooki\\Desktop\\node-api\\src\\data\\protocols\\db\\log\\log-error-repository.ts": {"path":"C:\\Users\\cooki\\Desktop\\node-api\\src\\data\\protocols\\db\\log\\log-error-repository.ts","all":true,"statementMap":{"0":{"start":{"line":1,"column":0},"end":{"line":1,"column":37}},"1":{"start":{"line":2,"column":0},"end":{"line":2,"column":43}},"2":{"start":{"line":3,"column":0},"end":{"line":3,"column":1}}},"s":{"0":0,"1":0,"2":0},"branchMap":{"0":{"type":"branch","line":1,"loc":{"start":{"line":1,"column":0},"end":{"line":3,"column":1}},"locations":[{"start":{"line":1,"column":0},"end":{"line":3,"column":1}}]}},"b":{"0":[0]},"fnMap":{"0":{"name":"(empty-report)","decl":{"start":{"line":1,"column":0},"end":{"line":3,"column":1}},"loc":{"start":{"line":1,"column":0},"end":{"line":3,"column":1}},"line":1}},"f":{"0":0}}
,"C:\\Users\\cooki\\Desktop\\node-api\\src\\data\\usecases\\add-account\\db-add-account-protocols.ts": {"path":"C:\\Users\\cooki\\Desktop\\node-api\\src\\data\\usecases\\add-account\\db-add-account-protocols.ts","all":true,"statementMap":{"0":{"start":{"line":1,"column":0},"end":{"line":1,"column":46}},"1":{"start":{"line":2,"column":0},"end":{"line":2,"column":53}},"2":{"start":{"line":3,"column":0},"end":{"line":3,"column":51}},"3":{"start":{"line":4,"column":0},"end":{"line":4,"column":65}}},"s":{"0":0,"1":0,"2":0,"3":0},"branchMap":{"0":{"type":"branch","line":1,"loc":{"start":{"line":1,"column":0},"end":{"line":4,"column":65}},"locations":[{"start":{"line":1,"column":0},"end":{"line":4,"column":65}}]}},"b":{"0":[0]},"fnMap":{"0":{"name":"(empty-report)","decl":{"start":{"line":1,"column":0},"end":{"line":4,"column":65}},"loc":{"start":{"line":1,"column":0},"end":{"line":4,"column":65}},"line":1}},"f":{"0":0}}
,"C:\\Users\\cooki\\Desktop\\node-api\\src\\data\\usecases\\add-account\\db-add-account.ts": {"path":"C:\\Users\\cooki\\Desktop\\node-api\\src\\data\\usecases\\add-account\\db-add-account.ts","all":false,"statementMap":{"0":{"start":{"line":1,"column":0},"end":{"line":1,"column":121}},"1":{"start":{"line":2,"column":0},"end":{"line":2,"column":0}},"2":{"start":{"line":3,"column":0},"end":{"line":3,"column":49}},"3":{"start":{"line":4,"column":0},"end":{"line":4,"column":112}},"4":{"start":{"line":5,"column":0},"end":{"line":5,"column":5}},"5":{"start":{"line":6,"column":0},"end":{"line":6,"column":0}},"6":{"start":{"line":7,"column":0},"end":{"line":7,"column":69}},"7":{"start":{"line":8,"column":0},"end":{"line":8,"column":71}},"8":{"start":{"line":9,"column":0},"end":{"line":9,"column":117}},"9":{"start":{"line":10,"column":0},"end":{"line":10,"column":22}},"10":{"start":{"line":11,"column":0},"end":{"line":11,"column":5}},"11":{"start":{"line":12,"column":0},"end":{"line":12,"column":1}}},"s":{"0":1,"1":1,"2":1,"3":1,"4":9,"5":1,"6":1,"7":6,"8":5,"9":4,"10":4,"11":1},"branchMap":{"0":{"type":"branch","line":4,"loc":{"start":{"line":4,"column":4},"end":{"line":5,"column":5}},"locations":[{"start":{"line":4,"column":4},"end":{"line":5,"column":5}}]},"1":{"type":"branch","line":7,"loc":{"start":{"line":7,"column":10},"end":{"line":11,"column":5}},"locations":[{"start":{"line":7,"column":10},"end":{"line":11,"column":5}}]},"2":{"type":"branch","line":9,"loc":{"start":{"line":9,"column":-2},"end":{"line":9,"column":117}},"locations":[{"start":{"line":9,"column":-2},"end":{"line":9,"column":117}}]},"3":{"type":"branch","line":10,"loc":{"start":{"line":10,"column":-2},"end":{"line":11,"column":5}},"locations":[{"start":{"line":10,"column":-2},"end":{"line":11,"column":5}}]}},"b":{"0":[9],"1":[6],"2":[5],"3":[4]},"fnMap":{"0":{"name":"DbAddAccount","decl":{"start":{"line":4,"column":4},"end":{"line":5,"column":5}},"loc":{"start":{"line":4,"column":4},"end":{"line":5,"column":5}},"line":4},"1":{"name":"add","decl":{"start":{"line":7,"column":10},"end":{"line":11,"column":5}},"loc":{"start":{"line":7,"column":10},"end":{"line":11,"column":5}},"line":7}},"f":{"0":9,"1":6}}
,"C:\\Users\\cooki\\Desktop\\node-api\\src\\data\\usecases\\authentication\\db-authentication-protocols.ts": {"path":"C:\\Users\\cooki\\Desktop\\node-api\\src\\data\\usecases\\authentication\\db-authentication-protocols.ts","all":true,"statementMap":{"0":{"start":{"line":1,"column":0},"end":{"line":1,"column":55}},"1":{"start":{"line":2,"column":0},"end":{"line":2,"column":71}},"2":{"start":{"line":3,"column":0},"end":{"line":3,"column":56}},"3":{"start":{"line":4,"column":0},"end":{"line":4,"column":58}},"4":{"start":{"line":5,"column":0},"end":{"line":5,"column":54}},"5":{"start":{"line":6,"column":0},"end":{"line":6,"column":69}}},"s":{"0":0,"1":0,"2":0,"3":0,"4":0,"5":0},"branchMap":{"0":{"type":"branch","line":1,"loc":{"start":{"line":1,"column":0},"end":{"line":6,"column":69}},"locations":[{"start":{"line":1,"column":0},"end":{"line":6,"column":69}}]}},"b":{"0":[0]},"fnMap":{"0":{"name":"(empty-report)","decl":{"start":{"line":1,"column":0},"end":{"line":6,"column":69}},"loc":{"start":{"line":1,"column":0},"end":{"line":6,"column":69}},"line":1}},"f":{"0":0}}
,"C:\\Users\\cooki\\Desktop\\node-api\\src\\data\\usecases\\authentication\\db-authentication.ts": {"path":"C:\\Users\\cooki\\Desktop\\node-api\\src\\data\\usecases\\authentication\\db-authentication.ts","all":false,"statementMap":{"0":{"start":{"line":1,"column":0},"end":{"line":1,"column":171}},"1":{"start":{"line":2,"column":0},"end":{"line":2,"column":0}},"2":{"start":{"line":3,"column":0},"end":{"line":3,"column":57}},"3":{"start":{"line":4,"column":0},"end":{"line":4,"column":17}},"4":{"start":{"line":5,"column":0},"end":{"line":5,"column":84}},"5":{"start":{"line":6,"column":0},"end":{"line":6,"column":52}},"6":{"start":{"line":7,"column":0},"end":{"line":7,"column":46}},"7":{"start":{"line":8,"column":0},"end":{"line":8,"column":82}},"8":{"start":{"line":9,"column":0},"end":{"line":9,"column":5}},"9":{"start":{"line":10,"column":0},"end":{"line":10,"column":0}},"10":{"start":{"line":11,"column":0},"end":{"line":11,"column":70}},"11":{"start":{"line":12,"column":0},"end":{"line":12,"column":97}},"12":{"start":{"line":13,"column":0},"end":{"line":13,"column":22}},"13":{"start":{"line":14,"column":0},"end":{"line":14,"column":102}},"14":{"start":{"line":15,"column":0},"end":{"line":15,"column":26}},"15":{"start":{"line":16,"column":0},"end":{"line":16,"column":75}},"16":{"start":{"line":17,"column":0},"end":{"line":17,"column":89}},"17":{"start":{"line":18,"column":0},"end":{"line":18,"column":33}},"18":{"start":{"line":19,"column":0},"end":{"line":19,"column":13}},"19":{"start":{"line":20,"column":0},"end":{"line":20,"column":9}},"20":{"start":{"line":21,"column":0},"end":{"line":21,"column":29}},"21":{"start":{"line":22,"column":0},"end":{"line":22,"column":5}},"22":{"start":{"line":23,"column":0},"end":{"line":23,"column":1}}},"s":{"0":1,"1":1,"2":1,"3":1,"4":15,"5":15,"6":15,"7":15,"8":15,"9":1,"10":1,"11":12,"12":10,"13":10,"14":10,"15":8,"16":7,"17":6,"18":6,"19":10,"20":1,"21":1,"22":1},"branchMap":{"0":{"type":"branch","line":4,"loc":{"start":{"line":4,"column":4},"end":{"line":9,"column":5}},"locations":[{"start":{"line":4,"column":4},"end":{"line":9,"column":5}}]},"1":{"type":"branch","line":11,"loc":{"start":{"line":11,"column":9},"end":{"line":22,"column":5}},"locations":[{"start":{"line":11,"column":9},"end":{"line":22,"column":5}}]},"2":{"type":"branch","line":13,"loc":{"start":{"line":13,"column":-2},"end":{"line":20,"column":9}},"locations":[{"start":{"line":13,"column":-2},"end":{"line":20,"column":9}}]},"3":{"type":"branch","line":15,"loc":{"start":{"line":15,"column":-2},"end":{"line":15,"column":25}},"locations":[{"start":{"line":15,"column":-2},"end":{"line":15,"column":25}}]},"4":{"type":"branch","line":15,"loc":{"start":{"line":15,"column":25},"end":{"line":19,"column":13}},"locations":[{"start":{"line":15,"column":25},"end":{"line":19,"column":13}}]},"5":{"type":"branch","line":17,"loc":{"start":{"line":17,"column":-2},"end":{"line":17,"column":89}},"locations":[{"start":{"line":17,"column":-2},"end":{"line":17,"column":89}}]},"6":{"type":"branch","line":18,"loc":{"start":{"line":18,"column":-2},"end":{"line":19,"column":13}},"locations":[{"start":{"line":18,"column":-2},"end":{"line":19,"column":13}}]},"7":{"type":"branch","line":21,"loc":{"start":{"line":21,"column":-2},"end":{"line":22,"column":5}},"locations":[{"start":{"line":21,"column":-2},"end":{"line":22,"column":5}}]}},"b":{"0":[15],"1":[12],"2":[10],"3":[9],"4":[8],"5":[7],"6":[6],"7":[1]},"fnMap":{"0":{"name":"DbAuthentication","decl":{"start":{"line":4,"column":4},"end":{"line":9,"column":5}},"loc":{"start":{"line":4,"column":4},"end":{"line":9,"column":5}},"line":4},"1":{"name":"auth","decl":{"start":{"line":11,"column":9},"end":{"line":22,"column":5}},"loc":{"start":{"line":11,"column":9},"end":{"line":22,"column":5}},"line":11}},"f":{"0":15,"1":12}}
,"C:\\Users\\cooki\\Desktop\\node-api\\src\\domain\\models\\account.ts": {"path":"C:\\Users\\cooki\\Desktop\\node-api\\src\\domain\\models\\account.ts","all":true,"statementMap":{"0":{"start":{"line":1,"column":0},"end":{"line":1,"column":31}},"1":{"start":{"line":2,"column":0},"end":{"line":2,"column":14}},"2":{"start":{"line":3,"column":0},"end":{"line":3,"column":16}},"3":{"start":{"line":4,"column":0},"end":{"line":4,"column":17}},"4":{"start":{"line":5,"column":0},"end":{"line":5,"column":20}},"5":{"start":{"line":6,"column":0},"end":{"line":6,"column":1}}},"s":{"0":0,"1":0,"2":0,"3":0,"4":0,"5":0},"branchMap":{"0":{"type":"branch","line":1,"loc":{"start":{"line":1,"column":0},"end":{"line":6,"column":1}},"locations":[{"start":{"line":1,"column":0},"end":{"line":6,"column":1}}]}},"b":{"0":[0]},"fnMap":{"0":{"name":"(empty-report)","decl":{"start":{"line":1,"column":0},"end":{"line":6,"column":1}},"loc":{"start":{"line":1,"column":0},"end":{"line":6,"column":1}},"line":1}},"f":{"0":0}}
,"C:\\Users\\cooki\\Desktop\\node-api\\src\\domain\\use-cases\\add-account.ts": {"path":"C:\\Users\\cooki\\Desktop\\node-api\\src\\domain\\use-cases\\add-account.ts","all":true,"statementMap":{"0":{"start":{"line":1,"column":0},"end":{"line":1,"column":53}},"1":{"start":{"line":2,"column":0},"end":{"line":2,"column":0}},"2":{"start":{"line":3,"column":0},"end":{"line":3,"column":34}},"3":{"start":{"line":4,"column":0},"end":{"line":4,"column":16}},"4":{"start":{"line":5,"column":0},"end":{"line":5,"column":17}},"5":{"start":{"line":6,"column":0},"end":{"line":6,"column":20}},"6":{"start":{"line":7,"column":0},"end":{"line":7,"column":1}},"7":{"start":{"line":8,"column":0},"end":{"line":8,"column":0}},"8":{"start":{"line":9,"column":0},"end":{"line":9,"column":29}},"9":{"start":{"line":10,"column":0},"end":{"line":10,"column":57}},"10":{"start":{"line":11,"column":0},"end":{"line":11,"column":1}}},"s":{"0":0,"1":0,"2":0,"3":0,"4":0,"5":0,"6":0,"7":0,"8":0,"9":0,"10":0},"branchMap":{"0":{"type":"branch","line":1,"loc":{"start":{"line":1,"column":0},"end":{"line":11,"column":1}},"locations":[{"start":{"line":1,"column":0},"end":{"line":11,"column":1}}]}},"b":{"0":[0]},"fnMap":{"0":{"name":"(empty-report)","decl":{"start":{"line":1,"column":0},"end":{"line":11,"column":1}},"loc":{"start":{"line":1,"column":0},"end":{"line":11,"column":1}},"line":1}},"f":{"0":0}}
,"C:\\Users\\cooki\\Desktop\\node-api\\src\\domain\\use-cases\\authentication.ts": {"path":"C:\\Users\\cooki\\Desktop\\node-api\\src\\domain\\use-cases\\authentication.ts","all":true,"statementMap":{"0":{"start":{"line":1,"column":0},"end":{"line":1,"column":38}},"1":{"start":{"line":2,"column":0},"end":{"line":2,"column":17}},"2":{"start":{"line":3,"column":0},"end":{"line":3,"column":20}},"3":{"start":{"line":4,"column":0},"end":{"line":4,"column":1}},"4":{"start":{"line":5,"column":0},"end":{"line":5,"column":0}},"5":{"start":{"line":6,"column":0},"end":{"line":6,"column":33}},"6":{"start":{"line":7,"column":0},"end":{"line":7,"column":62}},"7":{"start":{"line":8,"column":0},"end":{"line":8,"column":1}}},"s":{"0":0,"1":0,"2":0,"3":0,"4":0,"5":0,"6":0,"7":0},"branchMap":{"0":{"type":"branch","line":1,"loc":{"start":{"line":1,"column":0},"end":{"line":8,"column":1}},"locations":[{"start":{"line":1,"column":0},"end":{"line":8,"column":1}}]}},"b":{"0":[0]},"fnMap":{"0":{"name":"(empty-report)","decl":{"start":{"line":1,"column":0},"end":{"line":8,"column":1}},"loc":{"start":{"line":1,"column":0},"end":{"line":8,"column":1}},"line":1}},"f":{"0":0}}
,"C:\\Users\\cooki\\Desktop\\node-api\\src\\infra\\cryptograpy\\bcrypt-adapter\\bcrypt-adapter.ts": {"path":"C:\\Users\\cooki\\Desktop\\node-api\\src\\infra\\cryptograpy\\bcrypt-adapter\\bcrypt-adapter.ts","all":false,"statementMap":{"0":{"start":{"line":1,"column":0},"end":{"line":1,"column":73}},"1":{"start":{"line":2,"column":0},"end":{"line":2,"column":86}},"2":{"start":{"line":3,"column":0},"end":{"line":3,"column":27}},"3":{"start":{"line":4,"column":0},"end":{"line":4,"column":0}},"4":{"start":{"line":5,"column":0},"end":{"line":5,"column":60}},"5":{"start":{"line":6,"column":0},"end":{"line":6,"column":49}},"6":{"start":{"line":7,"column":0},"end":{"line":7,"column":5}},"7":{"start":{"line":8,"column":0},"end":{"line":8,"column":0}},"8":{"start":{"line":9,"column":0},"end":{"line":9,"column":49}},"9":{"start":{"line":10,"column":0},"end":{"line":10,"column":56}},"10":{"start":{"line":11,"column":0},"end":{"line":11,"column":19}},"11":{"start":{"line":12,"column":0},"end":{"line":12,"column":5}},"12":{"start":{"line":13,"column":0},"end":{"line":13,"column":0}},"13":{"start":{"line":14,"column":0},"end":{"line":14,"column":70}},"14":{"start":{"line":15,"column":0},"end":{"line":15,"column":59}},"15":{"start":{"line":16,"column":0},"end":{"line":16,"column":21}},"16":{"start":{"line":17,"column":0},"end":{"line":17,"column":5}},"17":{"start":{"line":18,"column":0},"end":{"line":18,"column":1}}},"s":{"0":1,"1":1,"2":1,"3":1,"4":1,"5":1,"6":15,"7":1,"8":1,"9":4,"10":3,"11":3,"12":1,"13":1,"14":5,"15":4,"16":4,"17":1},"branchMap":{"0":{"type":"branch","line":6,"loc":{"start":{"line":6,"column":4},"end":{"line":7,"column":5}},"locations":[{"start":{"line":6,"column":4},"end":{"line":7,"column":5}}]},"1":{"type":"branch","line":9,"loc":{"start":{"line":9,"column":10},"end":{"line":12,"column":5}},"locations":[{"start":{"line":9,"column":10},"end":{"line":12,"column":5}}]},"2":{"type":"branch","line":11,"loc":{"start":{"line":11,"column":-2},"end":{"line":12,"column":5}},"locations":[{"start":{"line":11,"column":-2},"end":{"line":12,"column":5}}]},"3":{"type":"branch","line":14,"loc":{"start":{"line":14,"column":10},"end":{"line":17,"column":5}},"locations":[{"start":{"line":14,"column":10},"end":{"line":17,"column":5}}]},"4":{"type":"branch","line":16,"loc":{"start":{"line":16,"column":-2},"end":{"line":17,"column":5}},"locations":[{"start":{"line":16,"column":-2},"end":{"line":17,"column":5}}]}},"b":{"0":[15],"1":[4],"2":[3],"3":[5],"4":[4]},"fnMap":{"0":{"name":"BcryptAdapter","decl":{"start":{"line":6,"column":4},"end":{"line":7,"column":5}},"loc":{"start":{"line":6,"column":4},"end":{"line":7,"column":5}},"line":6},"1":{"name":"hash","decl":{"start":{"line":9,"column":10},"end":{"line":12,"column":5}},"loc":{"start":{"line":9,"column":10},"end":{"line":12,"column":5}},"line":9},"2":{"name":"compare","decl":{"start":{"line":14,"column":10},"end":{"line":17,"column":5}},"loc":{"start":{"line":14,"column":10},"end":{"line":17,"column":5}},"line":14}},"f":{"0":15,"1":4,"2":5}}
,"C:\\Users\\cooki\\Desktop\\node-api\\src\\infra\\cryptograpy\\jwt-adapter\\jwt-adapter.ts": {"path":"C:\\Users\\cooki\\Desktop\\node-api\\src\\infra\\cryptograpy\\jwt-adapter\\jwt-adapter.ts","all":false,"statementMap":{"0":{"start":{"line":1,"column":0},"end":{"line":1,"column":79}},"1":{"start":{"line":2,"column":0},"end":{"line":2,"column":30}},"2":{"start":{"line":3,"column":0},"end":{"line":3,"column":46}},"3":{"start":{"line":4,"column":0},"end":{"line":4,"column":51}},"4":{"start":{"line":5,"column":0},"end":{"line":5,"column":5}},"5":{"start":{"line":6,"column":0},"end":{"line":6,"column":0}},"6":{"start":{"line":7,"column":0},"end":{"line":7,"column":52}},"7":{"start":{"line":8,"column":0},"end":{"line":8,"column":63}},"8":{"start":{"line":9,"column":0},"end":{"line":9,"column":25}},"9":{"start":{"line":10,"column":0},"end":{"line":10,"column":5}},"10":{"start":{"line":11,"column":0},"end":{"line":11,"column":1}}},"s":{"0":1,"1":1,"2":1,"3":1,"4":7,"5":1,"6":1,"7":4,"8":4,"9":4,"10":1},"branchMap":{"0":{"type":"branch","line":4,"loc":{"start":{"line":4,"column":4},"end":{"line":5,"column":5}},"locations":[{"start":{"line":4,"column":4},"end":{"line":5,"column":5}}]},"1":{"type":"branch","line":7,"loc":{"start":{"line":7,"column":10},"end":{"line":10,"column":5}},"locations":[{"start":{"line":7,"column":10},"end":{"line":10,"column":5}}]}},"b":{"0":[7],"1":[4]},"fnMap":{"0":{"name":"JwtAdapter","decl":{"start":{"line":4,"column":4},"end":{"line":5,"column":5}},"loc":{"start":{"line":4,"column":4},"end":{"line":5,"column":5}},"line":4},"1":{"name":"encrypt","decl":{"start":{"line":7,"column":10},"end":{"line":10,"column":5}},"loc":{"start":{"line":7,"column":10},"end":{"line":10,"column":5}},"line":7}},"f":{"0":7,"1":4}}
,"C:\\Users\\cooki\\Desktop\\node-api\\src\\infra\\db\\mongo-db\\account-repository\\account-mongo-repository.ts": {"path":"C:\\Users\\cooki\\Desktop\\node-api\\src\\infra\\db\\mongo-db\\account-repository\\account-mongo-repository.ts","all":false,"statementMap":{"0":{"start":{"line":1,"column":0},"end":{"line":1,"column":104}},"1":{"start":{"line":2,"column":0},"end":{"line":2,"column":79}},"2":{"start":{"line":3,"column":0},"end":{"line":3,"column":69}},"3":{"start":{"line":4,"column":0},"end":{"line":4,"column":53}},"4":{"start":{"line":5,"column":0},"end":{"line":5,"column":118}},"5":{"start":{"line":6,"column":0},"end":{"line":6,"column":114}},"6":{"start":{"line":7,"column":0},"end":{"line":7,"column":127}},"7":{"start":{"line":8,"column":0},"end":{"line":8,"column":69}},"8":{"start":{"line":9,"column":0},"end":{"line":9,"column":77}},"9":{"start":{"line":10,"column":0},"end":{"line":10,"column":69}},"10":{"start":{"line":11,"column":0},"end":{"line":11,"column":83}},"11":{"start":{"line":12,"column":0},"end":{"line":12,"column":39}},"12":{"start":{"line":13,"column":0},"end":{"line":13,"column":5}},"13":{"start":{"line":14,"column":0},"end":{"line":14,"column":0}},"14":{"start":{"line":15,"column":0},"end":{"line":15,"column":62}},"15":{"start":{"line":16,"column":0},"end":{"line":16,"column":77}},"16":{"start":{"line":17,"column":0},"end":{"line":17,"column":66}},"17":{"start":{"line":18,"column":0},"end":{"line":18,"column":39}},"18":{"start":{"line":19,"column":0},"end":{"line":19,"column":5}},"19":{"start":{"line":20,"column":0},"end":{"line":20,"column":0}},"20":{"start":{"line":21,"column":0},"end":{"line":21,"column":63}},"21":{"start":{"line":22,"column":0},"end":{"line":22,"column":77}},"22":{"start":{"line":23,"column":0},"end":{"line":23,"column":87}},"23":{"start":{"line":24,"column":0},"end":{"line":24,"column":5}},"24":{"start":{"line":25,"column":0},"end":{"line":25,"column":1}}},"s":{"0":1,"1":1,"2":1,"3":1,"4":1,"5":1,"6":1,"7":1,"8":2,"9":2,"10":2,"11":2,"12":2,"13":1,"14":1,"15":3,"16":3,"17":3,"18":3,"19":1,"20":1,"21":2,"22":2,"23":2,"24":1},"branchMap":{"0":{"type":"branch","line":8,"loc":{"start":{"line":8,"column":10},"end":{"line":13,"column":5}},"locations":[{"start":{"line":8,"column":10},"end":{"line":13,"column":5}}]},"1":{"type":"branch","line":15,"loc":{"start":{"line":15,"column":10},"end":{"line":19,"column":5}},"locations":[{"start":{"line":15,"column":10},"end":{"line":19,"column":5}}]},"2":{"type":"branch","line":21,"loc":{"start":{"line":21,"column":10},"end":{"line":24,"column":5}},"locations":[{"start":{"line":21,"column":10},"end":{"line":24,"column":5}}]}},"b":{"0":[2],"1":[3],"2":[2]},"fnMap":{"0":{"name":"add","decl":{"start":{"line":8,"column":10},"end":{"line":13,"column":5}},"loc":{"start":{"line":8,"column":10},"end":{"line":13,"column":5}},"line":8},"1":{"name":"loadByEmail","decl":{"start":{"line":15,"column":10},"end":{"line":19,"column":5}},"loc":{"start":{"line":15,"column":10},"end":{"line":19,"column":5}},"line":15},"2":{"name":"updateToken","decl":{"start":{"line":21,"column":10},"end":{"line":24,"column":5}},"loc":{"start":{"line":21,"column":10},"end":{"line":24,"column":5}},"line":21}},"f":{"0":2,"1":3,"2":2}}
,"C:\\Users\\cooki\\Desktop\\node-api\\src\\infra\\db\\mongo-db\\helpers\\mongo-helper.ts": {"path":"C:\\Users\\cooki\\Desktop\\node-api\\src\\infra\\db\\mongo-db\\helpers\\mongo-helper.ts","all":false,"statementMap":{"0":{"start":{"line":1,"column":0},"end":{"line":1,"column":37}},"1":{"start":{"line":2,"column":0},"end":{"line":2,"column":41}},"2":{"start":{"line":3,"column":0},"end":{"line":3,"column":0}},"3":{"start":{"line":4,"column":0},"end":{"line":4,"column":28}},"4":{"start":{"line":5,"column":0},"end":{"line":5,"column":43}},"5":{"start":{"line":6,"column":0},"end":{"line":6,"column":35}},"6":{"start":{"line":7,"column":0},"end":{"line":7,"column":48}},"7":{"start":{"line":8,"column":0},"end":{"line":8,"column":22}},"8":{"start":{"line":9,"column":0},"end":{"line":9,"column":52}},"9":{"start":{"line":10,"column":0},"end":{"line":10,"column":48}},"10":{"start":{"line":11,"column":0},"end":{"line":11,"column":6}},"11":{"start":{"line":12,"column":0},"end":{"line":12,"column":0}},"12":{"start":{"line":13,"column":0},"end":{"line":13,"column":40}},"13":{"start":{"line":14,"column":0},"end":{"line":14,"column":33}},"14":{"start":{"line":15,"column":0},"end":{"line":15,"column":26}},"15":{"start":{"line":16,"column":0},"end":{"line":16,"column":6}},"16":{"start":{"line":17,"column":0},"end":{"line":17,"column":0}},"17":{"start":{"line":18,"column":0},"end":{"line":18,"column":61}},"18":{"start":{"line":19,"column":0},"end":{"line":19,"column":27}},"19":{"start":{"line":20,"column":0},"end":{"line":20,"column":61}},"20":{"start":{"line":21,"column":0},"end":{"line":21,"column":9}},"21":{"start":{"line":22,"column":0},"end":{"line":22,"column":48}},"22":{"start":{"line":23,"column":0},"end":{"line":23,"column":6}},"23":{"start":{"line":24,"column":0},"end":{"line":24,"column":37}},"24":{"start":{"line":25,"column":0},"end":{"line":25,"column":26}},"25":{"start":{"line":26,"column":0},"end":{"line":26,"column":23}},"26":{"start":{"line":27,"column":0},"end":{"line":27,"column":9}},"27":{"start":{"line":28,"column":0},"end":{"line":28,"column":58}},"28":{"start":{"line":29,"column":0},"end":{"line":29,"column":66}},"29":{"start":{"line":30,"column":0},"end":{"line":30,"column":5}},"30":{"start":{"line":31,"column":0},"end":{"line":31,"column":1}}},"s":{"0":1,"1":1,"2":1,"3":1,"4":1,"5":1,"6":1,"7":5,"8":5,"9":5,"10":5,"11":1,"12":1,"13":6,"14":6,"15":6,"16":1,"17":1,"18":20,"19":1,"20":1,"21":20,"22":20,"23":1,"24":5,"25":1,"26":1,"27":4,"28":4,"29":4,"30":1},"branchMap":{"0":{"type":"branch","line":7,"loc":{"start":{"line":7,"column":10},"end":{"line":11,"column":6}},"locations":[{"start":{"line":7,"column":10},"end":{"line":11,"column":6}}]},"1":{"type":"branch","line":13,"loc":{"start":{"line":13,"column":10},"end":{"line":16,"column":6}},"locations":[{"start":{"line":13,"column":10},"end":{"line":16,"column":6}}]},"2":{"type":"branch","line":18,"loc":{"start":{"line":18,"column":10},"end":{"line":23,"column":6}},"locations":[{"start":{"line":18,"column":10},"end":{"line":23,"column":6}}]},"3":{"type":"branch","line":19,"loc":{"start":{"line":19,"column":26},"end":{"line":21,"column":9}},"locations":[{"start":{"line":19,"column":26},"end":{"line":21,"column":9}}]},"4":{"type":"branch","line":24,"loc":{"start":{"line":24,"column":10},"end":{"line":30,"column":5}},"locations":[{"start":{"line":24,"column":10},"end":{"line":30,"column":5}}]},"5":{"type":"branch","line":25,"loc":{"start":{"line":25,"column":25},"end":{"line":27,"column":9}},"locations":[{"start":{"line":25,"column":25},"end":{"line":27,"column":9}}]},"6":{"type":"branch","line":28,"loc":{"start":{"line":28,"column":-2},"end":{"line":30,"column":5}},"locations":[{"start":{"line":28,"column":-2},"end":{"line":30,"column":5}}]}},"b":{"0":[5],"1":[6],"2":[20],"3":[1],"4":[5],"5":[1],"6":[4]},"fnMap":{"0":{"name":"connect","decl":{"start":{"line":7,"column":10},"end":{"line":11,"column":6}},"loc":{"start":{"line":7,"column":10},"end":{"line":11,"column":6}},"line":7},"1":{"name":"disconnect","decl":{"start":{"line":13,"column":10},"end":{"line":16,"column":6}},"loc":{"start":{"line":13,"column":10},"end":{"line":16,"column":6}},"line":13},"2":{"name":"getCollection","decl":{"start":{"line":18,"column":10},"end":{"line":23,"column":6}},"loc":{"start":{"line":18,"column":10},"end":{"line":23,"column":6}},"line":18},"3":{"name":"map","decl":{"start":{"line":24,"column":10},"end":{"line":30,"column":5}},"loc":{"start":{"line":24,"column":10},"end":{"line":30,"column":5}},"line":24}},"f":{"0":5,"1":6,"2":20,"3":5}}
,"C:\\Users\\cooki\\Desktop\\node-api\\src\\infra\\db\\mongo-db\\log\\log-mongo-repository.ts": {"path":"C:\\Users\\cooki\\Desktop\\node-api\\src\\infra\\db\\mongo-db\\log\\log-mongo-repository.ts","all":false,"statementMap":{"0":{"start":{"line":1,"column":0},"end":{"line":1,"column":96}},"1":{"start":{"line":2,"column":0},"end":{"line":2,"column":53}},"2":{"start":{"line":3,"column":0},"end":{"line":3,"column":0}},"3":{"start":{"line":4,"column":0},"end":{"line":4,"column":63}},"4":{"start":{"line":5,"column":0},"end":{"line":5,"column":51}},"5":{"start":{"line":6,"column":0},"end":{"line":6,"column":73}},"6":{"start":{"line":7,"column":0},"end":{"line":7,"column":41}},"7":{"start":{"line":8,"column":0},"end":{"line":8,"column":18}},"8":{"start":{"line":9,"column":0},"end":{"line":9,"column":28}},"9":{"start":{"line":10,"column":0},"end":{"line":10,"column":0}},"10":{"start":{"line":11,"column":0},"end":{"line":11,"column":10}},"11":{"start":{"line":12,"column":0},"end":{"line":12,"column":5}},"12":{"start":{"line":13,"column":0},"end":{"line":13,"column":1}}},"s":{"0":1,"1":1,"2":1,"3":1,"4":1,"5":1,"6":1,"7":1,"8":1,"9":1,"10":1,"11":1,"12":1},"branchMap":{"0":{"type":"branch","line":5,"loc":{"start":{"line":5,"column":10},"end":{"line":12,"column":5}},"locations":[{"start":{"line":5,"column":10},"end":{"line":12,"column":5}}]}},"b":{"0":[1]},"fnMap":{"0":{"name":"logError","decl":{"start":{"line":5,"column":10},"end":{"line":12,"column":5}},"loc":{"start":{"line":5,"column":10},"end":{"line":12,"column":5}},"line":5}},"f":{"0":1}}
,"C:\\Users\\cooki\\Desktop\\node-api\\src\\presentation\\controllers\\login\\login-controler-protocols.ts": {"path":"C:\\Users\\cooki\\Desktop\\node-api\\src\\presentation\\controllers\\login\\login-controler-protocols.ts","all":true,"statementMap":{"0":{"start":{"line":1,"column":0},"end":{"line":1,"column":31}},"1":{"start":{"line":2,"column":0},"end":{"line":2,"column":56}}},"s":{"0":0,"1":0},"branchMap":{"0":{"type":"branch","line":1,"loc":{"start":{"line":1,"column":0},"end":{"line":2,"column":56}},"locations":[{"start":{"line":1,"column":0},"end":{"line":2,"column":56}}]}},"b":{"0":[0]},"fnMap":{"0":{"name":"(empty-report)","decl":{"start":{"line":1,"column":0},"end":{"line":2,"column":56}},"loc":{"start":{"line":1,"column":0},"end":{"line":2,"column":56}},"line":1}},"f":{"0":0}}
,"C:\\Users\\cooki\\Desktop\\node-api\\src\\presentation\\controllers\\login\\login-controller.ts": {"path":"C:\\Users\\cooki\\Desktop\\node-api\\src\\presentation\\controllers\\login\\login-controller.ts","all":false,"statementMap":{"0":{"start":{"line":1,"column":0},"end":{"line":1,"column":104}},"1":{"start":{"line":2,"column":0},"end":{"line":2,"column":90}},"2":{"start":{"line":3,"column":0},"end":{"line":3,"column":70}},"3":{"start":{"line":4,"column":0},"end":{"line":4,"column":52}},"4":{"start":{"line":5,"column":0},"end":{"line":5,"column":108}},"5":{"start":{"line":6,"column":0},"end":{"line":6,"column":5}},"6":{"start":{"line":7,"column":0},"end":{"line":7,"column":0}},"7":{"start":{"line":8,"column":0},"end":{"line":8,"column":68}},"8":{"start":{"line":9,"column":0},"end":{"line":9,"column":13}},"9":{"start":{"line":10,"column":0},"end":{"line":10,"column":74}},"10":{"start":{"line":11,"column":0},"end":{"line":11,"column":24}},"11":{"start":{"line":12,"column":0},"end":{"line":12,"column":40}},"12":{"start":{"line":13,"column":0},"end":{"line":13,"column":13}},"13":{"start":{"line":14,"column":0},"end":{"line":14,"column":74}},"14":{"start":{"line":15,"column":0},"end":{"line":15,"column":51}},"15":{"start":{"line":16,"column":0},"end":{"line":16,"column":37}},"16":{"start":{"line":17,"column":0},"end":{"line":17,"column":13}},"17":{"start":{"line":18,"column":0},"end":{"line":18,"column":23}},"18":{"start":{"line":19,"column":0},"end":{"line":19,"column":21}},"19":{"start":{"line":20,"column":0},"end":{"line":20,"column":14}},"20":{"start":{"line":21,"column":0},"end":{"line":21,"column":25}},"21":{"start":{"line":22,"column":0},"end":{"line":22,"column":30}},"22":{"start":{"line":23,"column":0},"end":{"line":23,"column":37}},"23":{"start":{"line":24,"column":0},"end":{"line":24,"column":9}},"24":{"start":{"line":25,"column":0},"end":{"line":25,"column":5}},"25":{"start":{"line":26,"column":0},"end":{"line":26,"column":1}}},"s":{"0":1,"1":1,"2":1,"3":1,"4":1,"5":10,"6":1,"7":1,"8":7,"9":7,"10":7,"11":1,"12":1,"13":6,"14":7,"15":1,"16":1,"17":4,"18":4,"19":4,"20":7,"21":1,"22":1,"23":1,"24":7,"25":1},"branchMap":{"0":{"type":"branch","line":5,"loc":{"start":{"line":5,"column":4},"end":{"line":6,"column":5}},"locations":[{"start":{"line":5,"column":4},"end":{"line":6,"column":5}}]},"1":{"type":"branch","line":8,"loc":{"start":{"line":8,"column":10},"end":{"line":25,"column":5}},"locations":[{"start":{"line":8,"column":10},"end":{"line":25,"column":5}}]},"2":{"type":"branch","line":11,"loc":{"start":{"line":11,"column":23},"end":{"line":13,"column":13}},"locations":[{"start":{"line":11,"column":23},"end":{"line":13,"column":13}}]},"3":{"type":"branch","line":14,"loc":{"start":{"line":14,"column":-2},"end":{"line":14,"column":74}},"locations":[{"start":{"line":14,"column":-2},"end":{"line":14,"column":74}}]},"4":{"type":"branch","line":15,"loc":{"start":{"line":15,"column":-2},"end":{"line":15,"column":44}},"locations":[{"start":{"line":15,"column":-2},"end":{"line":15,"column":44}}]},"5":{"type":"branch","line":15,"loc":{"start":{"line":15,"column":40},"end":{"line":15,"column":48}},"locations":[{"start":{"line":15,"column":40},"end":{"line":15,"column":48}}]},"6":{"type":"branch","line":15,"loc":{"start":{"line":15,"column":50},"end":{"line":17,"column":13}},"locations":[{"start":{"line":15,"column":50},"end":{"line":17,"column":13}}]},"7":{"type":"branch","line":18,"loc":{"start":{"line":18,"column":-2},"end":{"line":21,"column":17}},"locations":[{"start":{"line":18,"column":-2},"end":{"line":21,"column":17}}]},"8":{"type":"branch","line":21,"loc":{"start":{"line":21,"column":10},"end":{"line":24,"column":9}},"locations":[{"start":{"line":21,"column":10},"end":{"line":24,"column":9}}]}},"b":{"0":[10],"1":[7],"2":[1],"3":[6],"4":[5],"5":[4],"6":[1],"7":[4],"8":[1]},"fnMap":{"0":{"name":"LoginController","decl":{"start":{"line":5,"column":4},"end":{"line":6,"column":5}},"loc":{"start":{"line":5,"column":4},"end":{"line":6,"column":5}},"line":5},"1":{"name":"handle","decl":{"start":{"line":8,"column":10},"end":{"line":25,"column":5}},"loc":{"start":{"line":8,"column":10},"end":{"line":25,"column":5}},"line":8}},"f":{"0":10,"1":7}}
,"C:\\Users\\cooki\\Desktop\\node-api\\src\\presentation\\controllers\\signup\\signup-controler-protocols.ts": {"path":"C:\\Users\\cooki\\Desktop\\node-api\\src\\presentation\\controllers\\signup\\signup-controler-protocols.ts","all":true,"statementMap":{"0":{"start":{"line":1,"column":0},"end":{"line":1,"column":31}},"1":{"start":{"line":2,"column":0},"end":{"line":2,"column":53}},"2":{"start":{"line":3,"column":0},"end":{"line":3,"column":46}},"3":{"start":{"line":4,"column":0},"end":{"line":4,"column":51}}},"s":{"0":0,"1":0,"2":0,"3":0},"branchMap":{"0":{"type":"branch","line":1,"loc":{"start":{"line":1,"column":0},"end":{"line":4,"column":51}},"locations":[{"start":{"line":1,"column":0},"end":{"line":4,"column":51}}]}},"b":{"0":[0]},"fnMap":{"0":{"name":"(empty-report)","decl":{"start":{"line":1,"column":0},"end":{"line":4,"column":51}},"loc":{"start":{"line":1,"column":0},"end":{"line":4,"column":51}},"line":1}},"f":{"0":0}}
,"C:\\Users\\cooki\\Desktop\\node-api\\src\\presentation\\controllers\\signup\\signup-controller.ts": {"path":"C:\\Users\\cooki\\Desktop\\node-api\\src\\presentation\\controllers\\signup\\signup-controller.ts","all":false,"statementMap":{"0":{"start":{"line":1,"column":0},"end":{"line":1,"column":113}},"1":{"start":{"line":2,"column":0},"end":{"line":2,"column":76}},"2":{"start":{"line":3,"column":0},"end":{"line":3,"column":0}},"3":{"start":{"line":4,"column":0},"end":{"line":4,"column":53}},"4":{"start":{"line":5,"column":0},"end":{"line":5,"column":100}},"5":{"start":{"line":6,"column":0},"end":{"line":6,"column":5}},"6":{"start":{"line":7,"column":0},"end":{"line":7,"column":0}},"7":{"start":{"line":8,"column":0},"end":{"line":8,"column":68}},"8":{"start":{"line":9,"column":0},"end":{"line":9,"column":13}},"9":{"start":{"line":10,"column":0},"end":{"line":10,"column":74}},"10":{"start":{"line":11,"column":0},"end":{"line":11,"column":24}},"11":{"start":{"line":12,"column":0},"end":{"line":12,"column":40}},"12":{"start":{"line":13,"column":0},"end":{"line":13,"column":13}},"13":{"start":{"line":14,"column":0},"end":{"line":14,"column":62}},"14":{"start":{"line":15,"column":0},"end":{"line":15,"column":55}},"15":{"start":{"line":16,"column":0},"end":{"line":16,"column":21}},"16":{"start":{"line":17,"column":0},"end":{"line":17,"column":22}},"17":{"start":{"line":18,"column":0},"end":{"line":18,"column":24}},"18":{"start":{"line":19,"column":0},"end":{"line":19,"column":14}},"19":{"start":{"line":20,"column":0},"end":{"line":20,"column":30}},"20":{"start":{"line":21,"column":0},"end":{"line":21,"column":25}},"21":{"start":{"line":22,"column":0},"end":{"line":22,"column":37}},"22":{"start":{"line":23,"column":0},"end":{"line":23,"column":9}},"23":{"start":{"line":24,"column":0},"end":{"line":24,"column":5}},"24":{"start":{"line":25,"column":0},"end":{"line":25,"column":1}}},"s":{"0":1,"1":1,"2":1,"3":1,"4":1,"5":8,"6":1,"7":1,"8":5,"9":5,"10":5,"11":1,"12":1,"13":4,"14":4,"15":4,"16":4,"17":4,"18":4,"19":3,"20":5,"21":1,"22":1,"23":5,"24":1},"branchMap":{"0":{"type":"branch","line":5,"loc":{"start":{"line":5,"column":4},"end":{"line":6,"column":5}},"locations":[{"start":{"line":5,"column":4},"end":{"line":6,"column":5}}]},"1":{"type":"branch","line":8,"loc":{"start":{"line":8,"column":10},"end":{"line":24,"column":5}},"locations":[{"start":{"line":8,"column":10},"end":{"line":24,"column":5}}]},"2":{"type":"branch","line":11,"loc":{"start":{"line":11,"column":23},"end":{"line":13,"column":13}},"locations":[{"start":{"line":11,"column":23},"end":{"line":13,"column":13}}]},"3":{"type":"branch","line":14,"loc":{"start":{"line":14,"column":-2},"end":{"line":19,"column":14}},"locations":[{"start":{"line":14,"column":-2},"end":{"line":19,"column":14}}]},"4":{"type":"branch","line":20,"loc":{"start":{"line":20,"column":-2},"end":{"line":21,"column":17}},"locations":[{"start":{"line":20,"column":-2},"end":{"line":21,"column":17}}]},"5":{"type":"branch","line":21,"loc":{"start":{"line":21,"column":10},"end":{"line":23,"column":9}},"locations":[{"start":{"line":21,"column":10},"end":{"line":23,"column":9}}]}},"b":{"0":[8],"1":[5],"2":[1],"3":[4],"4":[3],"5":[1]},"fnMap":{"0":{"name":"SignUpController","decl":{"start":{"line":5,"column":4},"end":{"line":6,"column":5}},"loc":{"start":{"line":5,"column":4},"end":{"line":6,"column":5}},"line":5},"1":{"name":"handle","decl":{"start":{"line":8,"column":10},"end":{"line":24,"column":5}},"loc":{"start":{"line":8,"column":10},"end":{"line":24,"column":5}},"line":8}},"f":{"0":8,"1":5}}
,"C:\\Users\\cooki\\Desktop\\node-api\\src\\presentation\\errors\\index.ts": {"path":"C:\\Users\\cooki\\Desktop\\node-api\\src\\presentation\\errors\\index.ts","all":false,"statementMap":{"0":{"start":{"line":1,"column":0},"end":{"line":1,"column":37}},"1":{"start":{"line":2,"column":0},"end":{"line":2,"column":30}},"2":{"start":{"line":3,"column":0},"end":{"line":3,"column":37}}},"s":{"0":1,"1":1,"2":1},"branchMap":{},"b":{},"fnMap":{},"f":{}}
,"C:\\Users\\cooki\\Desktop\\node-api\\src\\presentation\\errors\\invalid-param-error.ts": {"path":"C:\\Users\\cooki\\Desktop\\node-api\\src\\presentation\\errors\\invalid-param-error.ts","all":false,"statementMap":{"0":{"start":{"line":1,"column":0},"end":{"line":1,"column":46}},"1":{"start":{"line":2,"column":0},"end":{"line":2,"column":37}},"2":{"start":{"line":3,"column":0},"end":{"line":3,"column":44}},"3":{"start":{"line":4,"column":0},"end":{"line":4,"column":39}},"4":{"start":{"line":5,"column":0},"end":{"line":5,"column":5}},"5":{"start":{"line":6,"column":0},"end":{"line":6,"column":1}}},"s":{"0":1,"1":1,"2":9,"3":9,"4":9,"5":1},"branchMap":{"0":{"type":"branch","line":2,"loc":{"start":{"line":2,"column":4},"end":{"line":5,"column":5}},"locations":[{"start":{"line":2,"column":4},"end":{"line":5,"column":5}}]}},"b":{"0":[9]},"fnMap":{"0":{"name":"InvalidParamError","decl":{"start":{"line":2,"column":4},"end":{"line":5,"column":5}},"loc":{"start":{"line":2,"column":4},"end":{"line":5,"column":5}},"line":2}},"f":{"0":9}}
,"C:\\Users\\cooki\\Desktop\\node-api\\src\\presentation\\errors\\missing-param-error.ts": {"path":"C:\\Users\\cooki\\Desktop\\node-api\\src\\presentation\\errors\\missing-param-error.ts","all":false,"statementMap":{"0":{"start":{"line":1,"column":0},"end":{"line":1,"column":46}},"1":{"start":{"line":2,"column":0},"end":{"line":2,"column":37}},"2":{"start":{"line":3,"column":0},"end":{"line":3,"column":44}},"3":{"start":{"line":4,"column":0},"end":{"line":4,"column":39}},"4":{"start":{"line":5,"column":0},"end":{"line":5,"column":5}},"5":{"start":{"line":6,"column":0},"end":{"line":6,"column":1}}},"s":{"0":1,"1":1,"2":9,"3":9,"4":9,"5":1},"branchMap":{"0":{"type":"branch","line":2,"loc":{"start":{"line":2,"column":4},"end":{"line":5,"column":5}},"locations":[{"start":{"line":2,"column":4},"end":{"line":5,"column":5}}]}},"b":{"0":[9]},"fnMap":{"0":{"name":"MissingParamError","decl":{"start":{"line":2,"column":4},"end":{"line":5,"column":5}},"loc":{"start":{"line":2,"column":4},"end":{"line":5,"column":5}},"line":2}},"f":{"0":9}}
,"C:\\Users\\cooki\\Desktop\\node-api\\src\\presentation\\errors\\server-error.ts": {"path":"C:\\Users\\cooki\\Desktop\\node-api\\src\\presentation\\errors\\server-error.ts","all":false,"statementMap":{"0":{"start":{"line":1,"column":0},"end":{"line":1,"column":40}},"1":{"start":{"line":2,"column":0},"end":{"line":2,"column":33}},"2":{"start":{"line":3,"column":0},"end":{"line":3,"column":38}},"3":{"start":{"line":4,"column":0},"end":{"line":4,"column":33}},"4":{"start":{"line":5,"column":0},"end":{"line":5,"column":26}},"5":{"start":{"line":6,"column":0},"end":{"line":6,"column":5}},"6":{"start":{"line":7,"column":0},"end":{"line":7,"column":1}}},"s":{"0":1,"1":1,"2":6,"3":6,"4":6,"5":6,"6":1},"branchMap":{"0":{"type":"branch","line":2,"loc":{"start":{"line":2,"column":4},"end":{"line":6,"column":5}},"locations":[{"start":{"line":2,"column":4},"end":{"line":6,"column":5}}]}},"b":{"0":[6]},"fnMap":{"0":{"name":"ServerError","decl":{"start":{"line":2,"column":4},"end":{"line":6,"column":5}},"loc":{"start":{"line":2,"column":4},"end":{"line":6,"column":5}},"line":2}},"f":{"0":6}}
,"C:\\Users\\cooki\\Desktop\\node-api\\src\\presentation\\errors\\unauthorized-error.ts": {"path":"C:\\Users\\cooki\\Desktop\\node-api\\src\\presentation\\errors\\unauthorized-error.ts","all":false,"statementMap":{"0":{"start":{"line":1,"column":0},"end":{"line":1,"column":46}},"1":{"start":{"line":2,"column":0},"end":{"line":2,"column":20}},"2":{"start":{"line":3,"column":0},"end":{"line":3,"column":29}},"3":{"start":{"line":4,"column":0},"end":{"line":4,"column":39}},"4":{"start":{"line":5,"column":0},"end":{"line":5,"column":5}},"5":{"start":{"line":6,"column":0},"end":{"line":6,"column":1}}},"s":{"0":1,"1":1,"2":2,"3":2,"4":2,"5":1},"branchMap":{"0":{"type":"branch","line":2,"loc":{"start":{"line":2,"column":4},"end":{"line":5,"column":5}},"locations":[{"start":{"line":2,"column":4},"end":{"line":5,"column":5}}]}},"b":{"0":[2]},"fnMap":{"0":{"name":"UnauthorizedError","decl":{"start":{"line":2,"column":4},"end":{"line":5,"column":5}},"loc":{"start":{"line":2,"column":4},"end":{"line":5,"column":5}},"line":2}},"f":{"0":2}}
,"C:\\Users\\cooki\\Desktop\\node-api\\src\\presentation\\helpers\\http\\http-helper.ts": {"path":"C:\\Users\\cooki\\Desktop\\node-api\\src\\presentation\\helpers\\http\\http-helper.ts","all":false,"statementMap":{"0":{"start":{"line":1,"column":0},"end":{"line":1,"column":42}},"1":{"start":{"line":2,"column":0},"end":{"line":2,"column":67}},"2":{"start":{"line":3,"column":0},"end":{"line":3,"column":51}},"3":{"start":{"line":4,"column":0},"end":{"line":4,"column":60}},"4":{"start":{"line":5,"column":0},"end":{"line":5,"column":18}},"5":{"start":{"line":6,"column":0},"end":{"line":6,"column":13}},"6":{"start":{"line":7,"column":0},"end":{"line":7,"column":2}},"7":{"start":{"line":8,"column":0},"end":{"line":8,"column":0}},"8":{"start":{"line":9,"column":0},"end":{"line":9,"column":61}},"9":{"start":{"line":10,"column":0},"end":{"line":10,"column":18}},"10":{"start":{"line":11,"column":0},"end":{"line":11,"column":53}},"11":{"start":{"line":12,"column":0},"end":{"line":12,"column":2}},"12":{"start":{"line":13,"column":0},"end":{"line":13,"column":0}},"13":{"start":{"line":14,"column":0},"end":{"line":14,"column":49}},"14":{"start":{"line":15,"column":0},"end":{"line":15,"column":18}},"15":{"start":{"line":16,"column":0},"end":{"line":16,"column":12}},"16":{"start":{"line":17,"column":0},"end":{"line":17,"column":2}},"17":{"start":{"line":18,"column":0},"end":{"line":18,"column":0}},"18":{"start":{"line":19,"column":0},"end":{"line":19,"column":50}},"19":{"start":{"line":20,"column":0},"end":{"line":20,"column":18}},"20":{"start":{"line":21,"column":0},"end":{"line":21,"column":31}},"21":{"start":{"line":22,"column":0},"end":{"line":22,"column":2}}},"s":{"0":1,"1":1,"2":1,"3":1,"4":4,"5":4,"6":4,"7":1,"8":1,"9":5,"10":5,"11":5,"12":1,"13":1,"14":12,"15":12,"16":12,"17":1,"18":1,"19":2,"20":2,"21":2},"branchMap":{"0":{"type":"branch","line":4,"loc":{"start":{"line":4,"column":26},"end":{"line":7,"column":2}},"locations":[{"start":{"line":4,"column":26},"end":{"line":7,"column":2}}]},"1":{"type":"branch","line":9,"loc":{"start":{"line":9,"column":27},"end":{"line":12,"column":2}},"locations":[{"start":{"line":9,"column":27},"end":{"line":12,"column":2}}]},"2":{"type":"branch","line":11,"loc":{"start":{"line":11,"column":35},"end":{"line":11,"column":52}},"locations":[{"start":{"line":11,"column":35},"end":{"line":11,"column":52}}]},"3":{"type":"branch","line":14,"loc":{"start":{"line":14,"column":18},"end":{"line":17,"column":2}},"locations":[{"start":{"line":14,"column":18},"end":{"line":17,"column":2}}]},"4":{"type":"branch","line":19,"loc":{"start":{"line":19,"column":28},"end":{"line":22,"column":2}},"locations":[{"start":{"line":19,"column":28},"end":{"line":22,"column":2}}]}},"b":{"0":[4],"1":[5],"2":[0],"3":[12],"4":[2]},"fnMap":{"0":{"name":"badRequest","decl":{"start":{"line":4,"column":26},"end":{"line":7,"column":2}},"loc":{"start":{"line":4,"column":26},"end":{"line":7,"column":2}},"line":4},"1":{"name":"serverError","decl":{"start":{"line":9,"column":27},"end":{"line":12,"column":2}},"loc":{"start":{"line":9,"column":27},"end":{"line":12,"column":2}},"line":9},"2":{"name":"ok","decl":{"start":{"line":14,"column":18},"end":{"line":17,"column":2}},"loc":{"start":{"line":14,"column":18},"end":{"line":17,"column":2}},"line":14},"3":{"name":"unauthorized","decl":{"start":{"line":19,"column":28},"end":{"line":22,"column":2}},"loc":{"start":{"line":19,"column":28},"end":{"line":22,"column":2}},"line":19}},"f":{"0":4,"1":5,"2":12,"3":2}}
,"C:\\Users\\cooki\\Desktop\\node-api\\src\\presentation\\helpers\\validators\\compare-fields-validation.ts": {"path":"C:\\Users\\cooki\\Desktop\\node-api\\src\\presentation\\helpers\\validators\\compare-fields-validation.ts","all":false,"statementMap":{"0":{"start":{"line":1,"column":0},"end":{"line":1,"column":48}},"1":{"start":{"line":2,"column":0},"end":{"line":2,"column":46}},"2":{"start":{"line":3,"column":0},"end":{"line":3,"column":0}},"3":{"start":{"line":4,"column":0},"end":{"line":4,"column":59}},"4":{"start":{"line":5,"column":0},"end":{"line":5,"column":99}},"5":{"start":{"line":6,"column":0},"end":{"line":6,"column":5}},"6":{"start":{"line":7,"column":0},"end":{"line":7,"column":0}},"7":{"start":{"line":8,"column":0},"end":{"line":8,"column":32}},"8":{"start":{"line":9,"column":0},"end":{"line":9,"column":71}},"9":{"start":{"line":10,"column":0},"end":{"line":10,"column":65}},"10":{"start":{"line":11,"column":0},"end":{"line":11,"column":9}},"11":{"start":{"line":12,"column":0},"end":{"line":12,"column":5}},"12":{"start":{"line":13,"column":0},"end":{"line":13,"column":1}}},"s":{"0":1,"1":1,"2":1,"3":1,"4":1,"5":9,"6":1,"7":1,"8":4,"9":2,"10":2,"11":4,"12":1},"branchMap":{"0":{"type":"branch","line":5,"loc":{"start":{"line":5,"column":4},"end":{"line":6,"column":5}},"locations":[{"start":{"line":5,"column":4},"end":{"line":6,"column":5}}]},"1":{"type":"branch","line":8,"loc":{"start":{"line":8,"column":4},"end":{"line":12,"column":5}},"locations":[{"start":{"line":8,"column":4},"end":{"line":12,"column":5}}]},"2":{"type":"branch","line":9,"loc":{"start":{"line":9,"column":70},"end":{"line":11,"column":9}},"locations":[{"start":{"line":9,"column":70},"end":{"line":11,"column":9}}]}},"b":{"0":[9],"1":[4],"2":[2]},"fnMap":{"0":{"name":"CompareFieldValidation","decl":{"start":{"line":5,"column":4},"end":{"line":6,"column":5}},"loc":{"start":{"line":5,"column":4},"end":{"line":6,"column":5}},"line":5},"1":{"name":"validate","decl":{"start":{"line":8,"column":4},"end":{"line":12,"column":5}},"loc":{"start":{"line":8,"column":4},"end":{"line":12,"column":5}},"line":8}},"f":{"0":9,"1":4}}
,"C:\\Users\\cooki\\Desktop\\node-api\\src\\presentation\\helpers\\validators\\email-validation.ts": {"path":"C:\\Users\\cooki\\Desktop\\node-api\\src\\presentation\\helpers\\validators\\email-validation.ts","all":false,"statementMap":{"0":{"start":{"line":1,"column":0},"end":{"line":1,"column":68}},"1":{"start":{"line":2,"column":0},"end":{"line":2,"column":46}},"2":{"start":{"line":3,"column":0},"end":{"line":3,"column":48}},"3":{"start":{"line":4,"column":0},"end":{"line":4,"column":0}},"4":{"start":{"line":5,"column":0},"end":{"line":5,"column":52}},"5":{"start":{"line":6,"column":0},"end":{"line":6,"column":103}},"6":{"start":{"line":7,"column":0},"end":{"line":7,"column":5}},"7":{"start":{"line":8,"column":0},"end":{"line":8,"column":0}},"8":{"start":{"line":9,"column":0},"end":{"line":9,"column":32}},"9":{"start":{"line":10,"column":0},"end":{"line":10,"column":74}},"10":{"start":{"line":11,"column":0},"end":{"line":11,"column":23}},"11":{"start":{"line":12,"column":0},"end":{"line":12,"column":56}},"12":{"start":{"line":13,"column":0},"end":{"line":13,"column":9}},"13":{"start":{"line":14,"column":0},"end":{"line":14,"column":5}},"14":{"start":{"line":15,"column":0},"end":{"line":15,"column":1}}},"s":{"0":1,"1":1,"2":1,"3":1,"4":1,"5":1,"6":15,"7":1,"8":1,"9":6,"10":6,"11":2,"12":2,"13":6,"14":1},"branchMap":{"0":{"type":"branch","line":6,"loc":{"start":{"line":6,"column":4},"end":{"line":7,"column":5}},"locations":[{"start":{"line":6,"column":4},"end":{"line":7,"column":5}}]},"1":{"type":"branch","line":9,"loc":{"start":{"line":9,"column":4},"end":{"line":14,"column":5}},"locations":[{"start":{"line":9,"column":4},"end":{"line":14,"column":5}}]},"2":{"type":"branch","line":11,"loc":{"start":{"line":11,"column":22},"end":{"line":13,"column":9}},"locations":[{"start":{"line":11,"column":22},"end":{"line":13,"column":9}}]}},"b":{"0":[15],"1":[6],"2":[2]},"fnMap":{"0":{"name":"EmailValidation","decl":{"start":{"line":6,"column":4},"end":{"line":7,"column":5}},"loc":{"start":{"line":6,"column":4},"end":{"line":7,"column":5}},"line":6},"1":{"name":"validate","decl":{"start":{"line":9,"column":4},"end":{"line":14,"column":5}},"loc":{"start":{"line":9,"column":4},"end":{"line":14,"column":5}},"line":9}},"f":{"0":15,"1":6}}
,"C:\\Users\\cooki\\Desktop\\node-api\\src\\presentation\\helpers\\validators\\exist-in-db-validation.ts": {"path":"C:\\Users\\cooki\\Desktop\\node-api\\src\\presentation\\helpers\\validators\\exist-in-db-validation.ts","all":false,"statementMap":{"0":{"start":{"line":1,"column":0},"end":{"line":1,"column":46}},"1":{"start":{"line":2,"column":0},"end":{"line":2,"column":77}},"2":{"start":{"line":3,"column":0},"end":{"line":3,"column":48}},"3":{"start":{"line":4,"column":0},"end":{"line":4,"column":46}},"4":{"start":{"line":5,"column":0},"end":{"line":5,"column":48}},"5":{"start":{"line":6,"column":0},"end":{"line":6,"column":77}},"6":{"start":{"line":7,"column":0},"end":{"line":7,"column":79}},"7":{"start":{"line":8,"column":0},"end":{"line":8,"column":22}},"8":{"start":{"line":9,"column":0},"end":{"line":9,"column":64}},"9":{"start":{"line":10,"column":0},"end":{"line":10,"column":9}},"10":{"start":{"line":11,"column":0},"end":{"line":11,"column":5}},"11":{"start":{"line":12,"column":0},"end":{"line":12,"column":1}}},"s":{"0":1,"1":1,"2":1,"3":1,"4":1,"5":2,"6":2,"7":2,"8":1,"9":1,"10":2,"11":1},"branchMap":{"0":{"type":"branch","line":5,"loc":{"start":{"line":5,"column":11},"end":{"line":11,"column":5}},"locations":[{"start":{"line":5,"column":11},"end":{"line":11,"column":5}}]},"1":{"type":"branch","line":8,"loc":{"start":{"line":8,"column":21},"end":{"line":10,"column":9}},"locations":[{"start":{"line":8,"column":21},"end":{"line":10,"column":9}}]}},"b":{"0":[2],"1":[1]},"fnMap":{"0":{"name":"validate","decl":{"start":{"line":5,"column":11},"end":{"line":11,"column":5}},"loc":{"start":{"line":5,"column":11},"end":{"line":11,"column":5}},"line":5}},"f":{"0":2}}
,"C:\\Users\\cooki\\Desktop\\node-api\\src\\presentation\\helpers\\validators\\index.ts": {"path":"C:\\Users\\cooki\\Desktop\\node-api\\src\\presentation\\helpers\\validators\\index.ts","all":false,"statementMap":{"0":{"start":{"line":1,"column":0},"end":{"line":1,"column":43}},"1":{"start":{"line":2,"column":0},"end":{"line":2,"column":34}},"2":{"start":{"line":3,"column":0},"end":{"line":3,"column":38}},"3":{"start":{"line":4,"column":0},"end":{"line":4,"column":28}},"4":{"start":{"line":5,"column":0},"end":{"line":5,"column":43}}},"s":{"0":1,"1":1,"2":1,"3":1,"4":1},"branchMap":{},"b":{},"fnMap":{},"f":{}}
,"C:\\Users\\cooki\\Desktop\\node-api\\src\\presentation\\helpers\\validators\\required-field-validation.ts": {"path":"C:\\Users\\cooki\\Desktop\\node-api\\src\\presentation\\helpers\\validators\\required-field-validation.ts","all":false,"statementMap":{"0":{"start":{"line":1,"column":0},"end":{"line":1,"column":48}},"1":{"start":{"line":2,"column":0},"end":{"line":2,"column":46}},"2":{"start":{"line":3,"column":0},"end":{"line":3,"column":60}},"3":{"start":{"line":4,"column":0},"end":{"line":4,"column":54}},"4":{"start":{"line":5,"column":0},"end":{"line":5,"column":5}},"5":{"start":{"line":6,"column":0},"end":{"line":6,"column":0}},"6":{"start":{"line":7,"column":0},"end":{"line":7,"column":32}},"7":{"start":{"line":8,"column":0},"end":{"line":8,"column":37}},"8":{"start":{"line":9,"column":0},"end":{"line":9,"column":56}},"9":{"start":{"line":10,"column":0},"end":{"line":10,"column":9}},"10":{"start":{"line":11,"column":0},"end":{"line":11,"column":5}},"11":{"start":{"line":12,"column":0},"end":{"line":12,"column":1}}},"s":{"0":1,"1":1,"2":1,"3":1,"4":38,"5":1,"6":1,"7":8,"8":1,"9":1,"10":8,"11":1},"branchMap":{"0":{"type":"branch","line":4,"loc":{"start":{"line":4,"column":4},"end":{"line":5,"column":5}},"locations":[{"start":{"line":4,"column":4},"end":{"line":5,"column":5}}]},"1":{"type":"branch","line":7,"loc":{"start":{"line":7,"column":4},"end":{"line":11,"column":5}},"locations":[{"start":{"line":7,"column":4},"end":{"line":11,"column":5}}]},"2":{"type":"branch","line":8,"loc":{"start":{"line":8,"column":36},"end":{"line":10,"column":9}},"locations":[{"start":{"line":8,"column":36},"end":{"line":10,"column":9}}]}},"b":{"0":[38],"1":[8],"2":[1]},"fnMap":{"0":{"name":"RequiredFieldValidation","decl":{"start":{"line":4,"column":4},"end":{"line":5,"column":5}},"loc":{"start":{"line":4,"column":4},"end":{"line":5,"column":5}},"line":4},"1":{"name":"validate","decl":{"start":{"line":7,"column":4},"end":{"line":11,"column":5}},"loc":{"start":{"line":7,"column":4},"end":{"line":11,"column":5}},"line":7}},"f":{"0":38,"1":8}}
,"C:\\Users\\cooki\\Desktop\\node-api\\src\\presentation\\helpers\\validators\\validation-composite.ts": {"path":"C:\\Users\\cooki\\Desktop\\node-api\\src\\presentation\\helpers\\validators\\validation-composite.ts","all":false,"statementMap":{"0":{"start":{"line":1,"column":0},"end":{"line":1,"column":46}},"1":{"start":{"line":2,"column":0},"end":{"line":2,"column":0}},"2":{"start":{"line":3,"column":0},"end":{"line":3,"column":56}},"3":{"start":{"line":4,"column":0},"end":{"line":4,"column":63}},"4":{"start":{"line":5,"column":0},"end":{"line":5,"column":47}},"5":{"start":{"line":6,"column":0},"end":{"line":6,"column":52}},"6":{"start":{"line":7,"column":0},"end":{"line":7,"column":58}},"7":{"start":{"line":8,"column":0},"end":{"line":8,"column":24}},"8":{"start":{"line":9,"column":0},"end":{"line":9,"column":28}},"9":{"start":{"line":10,"column":0},"end":{"line":10,"column":13}},"10":{"start":{"line":11,"column":0},"end":{"line":11,"column":9}},"11":{"start":{"line":12,"column":0},"end":{"line":12,"column":5}},"12":{"start":{"line":13,"column":0},"end":{"line":13,"column":1}}},"s":{"0":1,"1":1,"2":1,"3":1,"4":1,"5":5,"6":14,"7":14,"8":2,"9":2,"10":14,"11":3,"12":1},"branchMap":{"0":{"type":"branch","line":4,"loc":{"start":{"line":4,"column":4},"end":{"line":4,"column":63}},"locations":[{"start":{"line":4,"column":4},"end":{"line":4,"column":63}}]},"1":{"type":"branch","line":5,"loc":{"start":{"line":5,"column":10},"end":{"line":12,"column":5}},"locations":[{"start":{"line":5,"column":10},"end":{"line":12,"column":5}}]},"2":{"type":"branch","line":6,"loc":{"start":{"line":6,"column":51},"end":{"line":11,"column":9}},"locations":[{"start":{"line":6,"column":51},"end":{"line":11,"column":9}}]},"3":{"type":"branch","line":8,"loc":{"start":{"line":8,"column":23},"end":{"line":10,"column":13}},"locations":[{"start":{"line":8,"column":23},"end":{"line":10,"column":13}}]},"4":{"type":"branch","line":12,"loc":{"start":{"line":12,"column":-2},"end":{"line":12,"column":5}},"locations":[{"start":{"line":12,"column":-2},"end":{"line":12,"column":5}}]}},"b":{"0":[11],"1":[5],"2":[14],"3":[2],"4":[3]},"fnMap":{"0":{"name":"ValidationComposite","decl":{"start":{"line":4,"column":4},"end":{"line":4,"column":63}},"loc":{"start":{"line":4,"column":4},"end":{"line":4,"column":63}},"line":4},"1":{"name":"validate","decl":{"start":{"line":5,"column":10},"end":{"line":12,"column":5}},"loc":{"start":{"line":5,"column":10},"end":{"line":12,"column":5}},"line":5}},"f":{"0":11,"1":5}}
,"C:\\Users\\cooki\\Desktop\\node-api\\src\\presentation\\helpers\\validators\\validation.ts": {"path":"C:\\Users\\cooki\\Desktop\\node-api\\src\\presentation\\helpers\\validators\\validation.ts","all":false,"statementMap":{"0":{"start":{"line":1,"column":0},"end":{"line":1,"column":29}},"1":{"start":{"line":2,"column":0},"end":{"line":2,"column":30}},"2":{"start":{"line":3,"column":0},"end":{"line":3,"column":1}}},"s":{"0":1,"1":1,"2":1},"branchMap":{},"b":{},"fnMap":{},"f":{}}
,"C:\\Users\\cooki\\Desktop\\node-api\\src\\presentation\\protocols\\controller.ts": {"path":"C:\\Users\\cooki\\Desktop\\node-api\\src\\presentation\\protocols\\controller.ts","all":true,"statementMap":{"0":{"start":{"line":1,"column":0},"end":{"line":1,"column":55}},"1":{"start":{"line":2,"column":0},"end":{"line":2,"column":0}},"2":{"start":{"line":3,"column":0},"end":{"line":3,"column":29}},"3":{"start":{"line":4,"column":0},"end":{"line":4,"column":59}},"4":{"start":{"line":5,"column":0},"end":{"line":5,"column":1}}},"s":{"0":0,"1":0,"2":0,"3":0,"4":0},"branchMap":{"0":{"type":"branch","line":1,"loc":{"start":{"line":1,"column":0},"end":{"line":5,"column":1}},"locations":[{"start":{"line":1,"column":0},"end":{"line":5,"column":1}}]}},"b":{"0":[0]},"fnMap":{"0":{"name":"(empty-report)","decl":{"start":{"line":1,"column":0},"end":{"line":5,"column":1}},"loc":{"start":{"line":1,"column":0},"end":{"line":5,"column":1}},"line":1}},"f":{"0":0}}
,"C:\\Users\\cooki\\Desktop\\node-api\\src\\presentation\\protocols\\emailValidator.ts": {"path":"C:\\Users\\cooki\\Desktop\\node-api\\src\\presentation\\protocols\\emailValidator.ts","all":true,"statementMap":{"0":{"start":{"line":1,"column":0},"end":{"line":1,"column":33}},"1":{"start":{"line":2,"column":0},"end":{"line":2,"column":36}},"2":{"start":{"line":3,"column":0},"end":{"line":3,"column":1}}},"s":{"0":0,"1":0,"2":0},"branchMap":{"0":{"type":"branch","line":1,"loc":{"start":{"line":1,"column":0},"end":{"line":3,"column":1}},"locations":[{"start":{"line":1,"column":0},"end":{"line":3,"column":1}}]}},"b":{"0":[0]},"fnMap":{"0":{"name":"(empty-report)","decl":{"start":{"line":1,"column":0},"end":{"line":3,"column":1}},"loc":{"start":{"line":1,"column":0},"end":{"line":3,"column":1}},"line":1}},"f":{"0":0}}
,"C:\\Users\\cooki\\Desktop\\node-api\\src\\presentation\\protocols\\http.ts": {"path":"C:\\Users\\cooki\\Desktop\\node-api\\src\\presentation\\protocols\\http.ts","all":true,"statementMap":{"0":{"start":{"line":1,"column":0},"end":{"line":1,"column":31}},"1":{"start":{"line":2,"column":0},"end":{"line":2,"column":22}},"2":{"start":{"line":3,"column":0},"end":{"line":3,"column":13}},"3":{"start":{"line":4,"column":0},"end":{"line":4,"column":1}},"4":{"start":{"line":5,"column":0},"end":{"line":5,"column":0}},"5":{"start":{"line":6,"column":0},"end":{"line":6,"column":30}},"6":{"start":{"line":7,"column":0},"end":{"line":7,"column":14}},"7":{"start":{"line":8,"column":0},"end":{"line":8,"column":1}}},"s":{"0":0,"1":0,"2":0,"3":0,"4":0,"5":0,"6":0,"7":0},"branchMap":{"0":{"type":"branch","line":1,"loc":{"start":{"line":1,"column":0},"end":{"line":8,"column":1}},"locations":[{"start":{"line":1,"column":0},"end":{"line":8,"column":1}}]}},"b":{"0":[0]},"fnMap":{"0":{"name":"(empty-report)","decl":{"start":{"line":1,"column":0},"end":{"line":8,"column":1}},"loc":{"start":{"line":1,"column":0},"end":{"line":8,"column":1}},"line":1}},"f":{"0":0}}
,"C:\\Users\\cooki\\Desktop\\node-api\\src\\presentation\\protocols\\index.ts": {"path":"C:\\Users\\cooki\\Desktop\\node-api\\src\\presentation\\protocols\\index.ts","all":true,"statementMap":{"0":{"start":{"line":1,"column":0},"end":{"line":1,"column":28}},"1":{"start":{"line":2,"column":0},"end":{"line":2,"column":22}}},"s":{"0":0,"1":0},"branchMap":{"0":{"type":"branch","line":1,"loc":{"start":{"line":1,"column":0},"end":{"line":2,"column":22}},"locations":[{"start":{"line":1,"column":0},"end":{"line":2,"column":22}}]}},"b":{"0":[0]},"fnMap":{"0":{"name":"(empty-report)","decl":{"start":{"line":1,"column":0},"end":{"line":2,"column":22}},"loc":{"start":{"line":1,"column":0},"end":{"line":2,"column":22}},"line":1}},"f":{"0":0}}
,"C:\\Users\\cooki\\Desktop\\node-api\\src\\utils\\email-validator-adapter.ts": {"path":"C:\\Users\\cooki\\Desktop\\node-api\\src\\utils\\email-validator-adapter.ts","all":false,"statementMap":{"0":{"start":{"line":1,"column":0},"end":{"line":1,"column":78}},"1":{"start":{"line":2,"column":0},"end":{"line":2,"column":33}},"2":{"start":{"line":3,"column":0},"end":{"line":3,"column":62}},"3":{"start":{"line":4,"column":0},"end":{"line":4,"column":38}},"4":{"start":{"line":5,"column":0},"end":{"line":5,"column":39}},"5":{"start":{"line":6,"column":0},"end":{"line":6,"column":5}},"6":{"start":{"line":7,"column":0},"end":{"line":7,"column":1}}},"s":{"0":1,"1":1,"2":1,"3":1,"4":5,"5":5,"6":1},"branchMap":{"0":{"type":"branch","line":4,"loc":{"start":{"line":4,"column":4},"end":{"line":6,"column":5}},"locations":[{"start":{"line":4,"column":4},"end":{"line":6,"column":5}}]}},"b":{"0":[5]},"fnMap":{"0":{"name":"isValid","decl":{"start":{"line":4,"column":4},"end":{"line":6,"column":5}},"loc":{"start":{"line":4,"column":4},"end":{"line":6,"column":5}},"line":4}},"f":{"0":5}}
}
