TN:
SF:src\infra\db\mongo-db\account-repository\account-mongo-repository.ts
FN:8,add
FN:15,loadByEmail
FN:21,updateToken
FNF:3
FNH:3
FNDA:1,add
FNDA:2,loadByEmail
FNDA:1,updateToken
DA:1,1
DA:2,1
DA:3,1
DA:4,1
DA:5,1
DA:6,1
DA:7,1
DA:8,1
DA:9,1
DA:10,1
DA:11,1
DA:12,1
DA:13,1
DA:14,1
DA:15,1
DA:16,2
DA:17,2
DA:18,2
DA:19,2
DA:20,1
DA:21,1
DA:22,1
DA:23,1
DA:24,1
DA:25,1
DA:26,1
LF:26
LH:26
BRDA:8,0,0,1
BRDA:15,1,0,2
BRDA:21,2,0,1
BRF:3
BRH:3
end_of_record
TN:
SF:src\infra\db\mongo-db\helpers\mongo-helper.ts
FN:7,connect
FN:13,disconnect
FN:18,getCollection
FN:24,map
FNF:4
FNH:4
FNDA:4,connect
FNDA:5,disconnect
FNDA:14,getCollection
FNDA:3,map
DA:1,1
DA:2,1
DA:3,1
DA:4,1
DA:5,1
DA:6,1
DA:7,1
DA:8,4
DA:9,4
DA:10,4
DA:11,4
DA:12,1
DA:13,1
DA:14,5
DA:15,5
DA:16,5
DA:17,1
DA:18,1
DA:19,14
DA:20,1
DA:21,1
DA:22,14
DA:23,14
DA:24,1
DA:25,3
DA:26,1
DA:27,1
DA:28,2
DA:29,2
DA:30,2
DA:31,1
LF:31
LH:31
BRDA:7,0,0,4
BRDA:13,1,0,5
BRDA:18,2,0,14
BRDA:19,3,0,1
BRDA:24,4,0,3
BRDA:25,5,0,1
BRDA:28,6,0,2
BRF:7
BRH:7
end_of_record
TN:
SF:src\presentation\controllers\login\login-controller.ts
FN:5,LoginController
FN:8,handle
FNF:2
FNH:2
FNDA:6,LoginController
FNDA:6,handle
DA:1,1
DA:2,1
DA:3,1
DA:4,1
DA:5,1
DA:6,6
DA:7,1
DA:8,1
DA:9,6
DA:10,6
DA:11,6
DA:12,1
DA:13,1
DA:14,5
DA:15,6
DA:16,1
DA:17,1
DA:18,3
DA:19,3
DA:20,3
DA:21,6
DA:22,1
DA:23,1
DA:24,1
DA:25,6
DA:26,1
LF:26
LH:26
BRDA:5,0,0,6
BRDA:8,1,0,6
BRDA:11,2,0,1
BRDA:14,3,0,5
BRDA:15,4,0,4
BRDA:15,5,0,3
BRDA:15,6,0,1
BRDA:18,7,0,3
BRDA:21,8,0,1
BRF:9
BRH:9
end_of_record
TN:
SF:src\presentation\errors\index.ts
FNF:0
FNH:0
DA:1,1
DA:2,1
DA:3,1
LF:3
LH:3
BRF:0
BRH:0
end_of_record
TN:
SF:src\presentation\helpers\validators\email-validation.ts
FN:6,EmailValidation
FN:9,validate
FNF:2
FNH:2
FNDA:7,EmailValidation
FNDA:4,validate
DA:1,1
DA:2,1
DA:3,1
DA:4,1
DA:5,1
DA:6,1
DA:7,7
DA:8,1
DA:9,1
DA:10,4
DA:11,4
DA:12,2
DA:13,2
DA:14,4
DA:15,1
LF:15
LH:15
BRDA:6,0,0,7
BRDA:9,1,0,4
BRDA:11,2,0,2
BRF:3
BRH:3
end_of_record
TN:
SF:src\presentation\helpers\validators\exist-in-db-validation.ts
FN:4,validate
FNF:1
FNH:1
FNDA:1,validate
DA:1,1
DA:2,1
DA:3,1
DA:4,1
DA:5,1
DA:6,1
DA:7,1
DA:8,1
DA:9,1
DA:10,1
DA:11,1
DA:12,1
DA:13,1
LF:13
LH:13
BRDA:4,0,0,1
BRDA:8,1,0,1
BRF:2
BRH:2
end_of_record
TN:
SF:src\presentation\helpers\validators\index.ts
FNF:0
FNH:0
DA:1,1
DA:2,1
DA:3,1
DA:4,1
DA:5,1
LF:5
LH:5
BRF:0
BRH:0
end_of_record
